[2021-04-21T00:41:14.652-0700][0.013s] Heap region size: 1M
[2021-04-21T00:41:14.711-0700][0.072s] Using G1
[2021-04-21T00:41:14.715-0700][0.075s] Heap address: 0x00000000e0000000, size: 512 MB, Compressed Oops mode: 32-bit
[2021-04-21T00:41:14.716-0700][0.076s] Mark closed archive regions in map: [0x00000000fff00000, 0x00000000fff6aff8]
[2021-04-21T00:41:14.716-0700][0.076s] Mark open archive regions in map: [0x00000000ffe00000, 0x00000000ffe46ff8]
[2021-04-21T00:41:16.076-0700][1.437s] GC(0) Pause Young (Normal) (G1 Evacuation Pause)
[2021-04-21T00:41:16.090-0700][1.450s] GC(0) Using 4 workers of 4 for evacuation
[2021-04-21T00:41:16.112-0700][1.472s] GC(0)   Pre Evacuate Collection Set: 0.0ms
[2021-04-21T00:41:16.112-0700][1.472s] GC(0)   Evacuate Collection Set: 14.3ms
[2021-04-21T00:41:16.112-0700][1.472s] GC(0)   Post Evacuate Collection Set: 7.2ms
[2021-04-21T00:41:16.112-0700][1.472s] GC(0)   Other: 13.9ms
[2021-04-21T00:41:16.112-0700][1.472s] GC(0) Eden regions: 25->0(304)
[2021-04-21T00:41:16.112-0700][1.472s] GC(0) Survivor regions: 0->3(4)
[2021-04-21T00:41:16.112-0700][1.472s] GC(0) Old regions: 2->2
[2021-04-21T00:41:16.112-0700][1.472s] GC(0) Humongous regions: 0->0
[2021-04-21T00:41:16.112-0700][1.472s] GC(0) Metaspace: 5203K->5203K(1056768K)
[2021-04-21T00:41:16.112-0700][1.472s] GC(0) Pause Young (Normal) (G1 Evacuation Pause) 25M->2M(512M) 35.532ms
[2021-04-21T00:41:16.112-0700][1.472s] GC(0) User=0.05s Sys=0.00s Real=0.04s
[2021-04-21T00:41:19.287-0700][4.648s] GC(1) Pause Young (Concurrent Start) (Metadata GC Threshold)
[2021-04-21T00:41:19.289-0700][4.649s] GC(1) Using 4 workers of 4 for evacuation
[2021-04-21T00:41:19.350-0700][4.710s] GC(1)   Pre Evacuate Collection Set: 0.1ms
[2021-04-21T00:41:19.350-0700][4.710s] GC(1)   Evacuate Collection Set: 46.3ms
[2021-04-21T00:41:19.350-0700][4.710s] GC(1)   Post Evacuate Collection Set: 13.3ms
[2021-04-21T00:41:19.350-0700][4.710s] GC(1)   Other: 3.2ms
[2021-04-21T00:41:19.350-0700][4.710s] GC(1) Eden regions: 114->0(51)
[2021-04-21T00:41:19.350-0700][4.710s] GC(1) Survivor regions: 3->17(17)
[2021-04-21T00:41:19.350-0700][4.710s] GC(1) Old regions: 2->4
[2021-04-21T00:41:19.350-0700][4.710s] GC(1) Humongous regions: 4->4
[2021-04-21T00:41:19.350-0700][4.710s] GC(1) Metaspace: 20438K->20438K(1067008K)
[2021-04-21T00:41:19.350-0700][4.711s] GC(1) Pause Young (Concurrent Start) (Metadata GC Threshold) 120M->23M(512M) 62.981ms
[2021-04-21T00:41:19.350-0700][4.711s] GC(1) User=0.05s Sys=0.03s Real=0.06s
[2021-04-21T00:41:19.350-0700][4.711s] GC(2) Concurrent Cycle
[2021-04-21T00:41:19.350-0700][4.711s] GC(2) Concurrent Clear Claimed Marks
[2021-04-21T00:41:19.351-0700][4.711s] GC(2) Concurrent Clear Claimed Marks 0.072ms
[2021-04-21T00:41:19.351-0700][4.711s] GC(2) Concurrent Scan Root Regions
[2021-04-21T00:41:19.360-0700][4.720s] GC(2) Concurrent Scan Root Regions 9.340ms
[2021-04-21T00:41:19.360-0700][4.720s] GC(2) Concurrent Mark (4.720s)
[2021-04-21T00:41:19.360-0700][4.720s] GC(2) Concurrent Mark From Roots
[2021-04-21T00:41:19.360-0700][4.720s] GC(2) Using 1 workers of 1 for marking
[2021-04-21T00:41:19.381-0700][4.742s] GC(2) Concurrent Mark From Roots 21.440ms
[2021-04-21T00:41:19.382-0700][4.742s] GC(2) Concurrent Preclean
[2021-04-21T00:41:19.382-0700][4.742s] GC(2) Concurrent Preclean 0.050ms
[2021-04-21T00:41:19.382-0700][4.742s] GC(2) Concurrent Mark (4.720s, 4.742s) 21.673ms
[2021-04-21T00:41:19.382-0700][4.742s] GC(2) Pause Remark
[2021-04-21T00:41:19.392-0700][4.752s] GC(2) Cleaned string and symbol table, strings: 8886 processed, 0 removed, symbols: 59156 processed, 30 removed
[2021-04-21T00:41:19.392-0700][4.752s] GC(2) Pause Remark 24M->24M(512M) 10.270ms
[2021-04-21T00:41:19.392-0700][4.752s] GC(2) User=0.00s Sys=0.01s Real=0.01s
[2021-04-21T00:41:19.393-0700][4.753s] GC(2) Concurrent Rebuild Remembered Sets
[2021-04-21T00:41:19.406-0700][4.766s] GC(2) Concurrent Rebuild Remembered Sets 13.405ms
[2021-04-21T00:41:19.407-0700][4.768s] GC(2) Pause Cleanup
[2021-04-21T00:41:19.408-0700][4.768s] GC(2) Pause Cleanup 24M->24M(512M) 0.913ms
[2021-04-21T00:41:19.408-0700][4.769s] GC(2) User=0.00s Sys=0.00s Real=0.00s
[2021-04-21T00:41:19.412-0700][4.773s] GC(2) Concurrent Cleanup for Next Mark
[2021-04-21T00:41:19.416-0700][4.777s] GC(2) Concurrent Cleanup for Next Mark 3.899ms
[2021-04-21T00:41:19.416-0700][4.777s] GC(2) Concurrent Cycle 65.886ms
[2021-04-21T00:41:19.668-0700][5.028s] GC(3) Pause Young (Normal) (G1 Evacuation Pause)
[2021-04-21T00:41:19.668-0700][5.028s] GC(3) Using 4 workers of 4 for evacuation
[2021-04-21T00:41:19.714-0700][5.074s] GC(3)   Pre Evacuate Collection Set: 0.0ms
[2021-04-21T00:41:19.714-0700][5.074s] GC(3)   Evacuate Collection Set: 45.2ms
[2021-04-21T00:41:19.714-0700][5.074s] GC(3)   Post Evacuate Collection Set: 0.4ms
[2021-04-21T00:41:19.714-0700][5.074s] GC(3)   Other: 0.2ms
[2021-04-21T00:41:19.714-0700][5.074s] GC(3) Eden regions: 16->0(45)
[2021-04-21T00:41:19.714-0700][5.074s] GC(3) Survivor regions: 17->2(5)
[2021-04-21T00:41:19.714-0700][5.074s] GC(3) Old regions: 4->21
[2021-04-21T00:41:19.714-0700][5.074s] GC(3) Humongous regions: 4->4
[2021-04-21T00:41:19.714-0700][5.074s] GC(3) Metaspace: 23181K->23181K(1071104K)
[2021-04-21T00:41:19.714-0700][5.074s] GC(3) Pause Young (Normal) (G1 Evacuation Pause) 39M->25M(512M) 45.916ms
[2021-04-21T00:41:19.714-0700][5.074s] GC(3) User=0.06s Sys=0.01s Real=0.04s
[2021-04-21T00:41:20.676-0700][6.036s] GC(4) Pause Young (Normal) (G1 Evacuation Pause)
[2021-04-21T00:41:20.676-0700][6.036s] GC(4) Using 4 workers of 4 for evacuation
[2021-04-21T00:41:20.680-0700][6.040s] GC(4)   Pre Evacuate Collection Set: 0.0ms
[2021-04-21T00:41:20.680-0700][6.040s] GC(4)   Evacuate Collection Set: 3.5ms
[2021-04-21T00:41:20.680-0700][6.040s] GC(4)   Post Evacuate Collection Set: 0.3ms
[2021-04-21T00:41:20.680-0700][6.040s] GC(4)   Other: 0.2ms
[2021-04-21T00:41:20.680-0700][6.040s] GC(4) Eden regions: 45->0(76)
[2021-04-21T00:41:20.680-0700][6.040s] GC(4) Survivor regions: 2->2(6)
[2021-04-21T00:41:20.680-0700][6.040s] GC(4) Old regions: 21->21
[2021-04-21T00:41:20.680-0700][6.040s] GC(4) Humongous regions: 4->4
[2021-04-21T00:41:20.680-0700][6.040s] GC(4) Metaspace: 26467K->26467K(1073152K)
[2021-04-21T00:41:20.680-0700][6.040s] GC(4) Pause Young (Normal) (G1 Evacuation Pause) 70M->25M(512M) 4.141ms
[2021-04-21T00:41:20.680-0700][6.040s] GC(4) User=0.00s Sys=0.00s Real=0.01s
[2021-04-21T00:41:21.626-0700][6.986s] GC(5) Pause Young (Normal) (G1 Evacuation Pause)
[2021-04-21T00:41:21.626-0700][6.986s] GC(5) Using 4 workers of 4 for evacuation
[2021-04-21T00:41:21.635-0700][6.996s] GC(5)   Pre Evacuate Collection Set: 0.0ms
[2021-04-21T00:41:21.635-0700][6.996s] GC(5)   Evacuate Collection Set: 7.5ms
[2021-04-21T00:41:21.635-0700][6.996s] GC(5)   Post Evacuate Collection Set: 1.5ms
[2021-04-21T00:41:21.635-0700][6.996s] GC(5)   Other: 0.2ms
[2021-04-21T00:41:21.635-0700][6.996s] GC(5) Eden regions: 76->0(106)
[2021-04-21T00:41:21.635-0700][6.996s] GC(5) Survivor regions: 2->6(10)
[2021-04-21T00:41:21.635-0700][6.996s] GC(5) Old regions: 21->21
[2021-04-21T00:41:21.635-0700][6.996s] GC(5) Humongous regions: 4->4
[2021-04-21T00:41:21.635-0700][6.996s] GC(5) Metaspace: 34377K->34377K(1081344K)
[2021-04-21T00:41:21.635-0700][6.996s] GC(5) Pause Young (Normal) (G1 Evacuation Pause) 101M->29M(512M) 9.325ms
[2021-04-21T00:41:21.635-0700][6.996s] GC(5) User=0.02s Sys=0.01s Real=0.00s
[2021-04-21T00:41:21.709-0700][7.070s] GC(6) Pause Young (Concurrent Start) (Metadata GC Threshold)
[2021-04-21T00:41:21.710-0700][7.070s] GC(6) Using 4 workers of 4 for evacuation
[2021-04-21T00:41:21.723-0700][7.084s] GC(6)   Pre Evacuate Collection Set: 0.9ms
[2021-04-21T00:41:21.724-0700][7.084s] GC(6)   Evacuate Collection Set: 12.3ms
[2021-04-21T00:41:21.724-0700][7.084s] GC(6)   Post Evacuate Collection Set: 0.5ms
[2021-04-21T00:41:21.724-0700][7.084s] GC(6)   Other: 0.5ms
[2021-04-21T00:41:21.724-0700][7.084s] GC(6) Eden regions: 35->0(101)
[2021-04-21T00:41:21.724-0700][7.084s] GC(6) Survivor regions: 6->6(14)
[2021-04-21T00:41:21.724-0700][7.084s] GC(6) Old regions: 21->21
[2021-04-21T00:41:21.724-0700][7.084s] GC(6) Humongous regions: 4->4
[2021-04-21T00:41:21.724-0700][7.084s] GC(6) Metaspace: 34831K->34831K(1081344K)
[2021-04-21T00:41:21.724-0700][7.084s] GC(6) Pause Young (Concurrent Start) (Metadata GC Threshold) 64M->29M(512M) 14.170ms
[2021-04-21T00:41:21.724-0700][7.084s] GC(6) User=0.01s Sys=0.00s Real=0.01s
[2021-04-21T00:41:21.724-0700][7.084s] GC(7) Concurrent Cycle
[2021-04-21T00:41:21.724-0700][7.084s] GC(7) Concurrent Clear Claimed Marks
[2021-04-21T00:41:21.725-0700][7.085s] GC(7) Concurrent Clear Claimed Marks 1.147ms
[2021-04-21T00:41:21.725-0700][7.085s] GC(7) Concurrent Scan Root Regions
[2021-04-21T00:41:21.729-0700][7.089s] GC(7) Concurrent Scan Root Regions 3.615ms
[2021-04-21T00:41:21.729-0700][7.089s] GC(7) Concurrent Mark (7.089s)
[2021-04-21T00:41:21.729-0700][7.090s] GC(7) Concurrent Mark From Roots
[2021-04-21T00:41:21.729-0700][7.090s] GC(7) Using 1 workers of 1 for marking
[2021-04-21T00:41:21.791-0700][7.151s] GC(7) Concurrent Mark From Roots 61.691ms
[2021-04-21T00:41:21.791-0700][7.151s] GC(7) Concurrent Preclean
[2021-04-21T00:41:21.791-0700][7.151s] GC(7) Concurrent Preclean 0.077ms
[2021-04-21T00:41:21.791-0700][7.151s] GC(7) Concurrent Mark (7.089s, 7.151s) 62.296ms
[2021-04-21T00:41:21.795-0700][7.155s] GC(7) Pause Remark
[2021-04-21T00:41:21.814-0700][7.174s] GC(7) Cleaned string and symbol table, strings: 15006 processed, 24 removed, symbols: 103503 processed, 79 removed
[2021-04-21T00:41:21.815-0700][7.175s] GC(7) Pause Remark 44M->44M(512M) 20.303ms
[2021-04-21T00:41:21.815-0700][7.175s] GC(7) User=0.02s Sys=0.00s Real=0.02s
[2021-04-21T00:41:21.815-0700][7.175s] GC(7) Concurrent Rebuild Remembered Sets
[2021-04-21T00:41:21.837-0700][7.197s] GC(7) Concurrent Rebuild Remembered Sets 21.870ms
[2021-04-21T00:41:21.839-0700][7.199s] GC(7) Pause Cleanup
[2021-04-21T00:41:21.839-0700][7.199s] GC(7) Pause Cleanup 54M->54M(512M) 0.142ms
[2021-04-21T00:41:21.839-0700][7.199s] GC(7) User=0.00s Sys=0.00s Real=0.00s
[2021-04-21T00:41:21.839-0700][7.199s] GC(7) Concurrent Cleanup for Next Mark
[2021-04-21T00:41:21.840-0700][7.201s] GC(7) Concurrent Cleanup for Next Mark 1.068ms
[2021-04-21T00:41:21.840-0700][7.201s] GC(7) Concurrent Cycle 116.636ms
[2021-04-21T00:41:22.391-0700][7.752s] GC(8) Pause Young (Concurrent Start) (G1 Evacuation Pause)
[2021-04-21T00:41:22.392-0700][7.752s] GC(8) Using 4 workers of 4 for evacuation
[2021-04-21T00:41:22.406-0700][7.767s] GC(8)   Pre Evacuate Collection Set: 0.1ms
[2021-04-21T00:41:22.406-0700][7.767s] GC(8)   Evacuate Collection Set: 13.7ms
[2021-04-21T00:41:22.406-0700][7.767s] GC(8)   Post Evacuate Collection Set: 0.5ms
[2021-04-21T00:41:22.406-0700][7.767s] GC(8)   Other: 0.6ms
[2021-04-21T00:41:22.406-0700][7.767s] GC(8) Eden regions: 101->0(134)
[2021-04-21T00:41:22.406-0700][7.767s] GC(8) Survivor regions: 6->10(14)
[2021-04-21T00:41:22.406-0700][7.767s] GC(8) Old regions: 21->21
[2021-04-21T00:41:22.406-0700][7.767s] GC(8) Humongous regions: 5->4
[2021-04-21T00:41:22.406-0700][7.767s] GC(8) Metaspace: 39324K->39324K(1085440K)
[2021-04-21T00:41:22.406-0700][7.767s] GC(8) Pause Young (Concurrent Start) (G1 Evacuation Pause) 131M->32M(512M) 14.984ms
[2021-04-21T00:41:22.406-0700][7.767s] GC(8) User=0.03s Sys=0.00s Real=0.02s
[2021-04-21T00:41:22.408-0700][7.769s] GC(9) Concurrent Cycle
[2021-04-21T00:41:22.408-0700][7.769s] GC(9) Concurrent Clear Claimed Marks
[2021-04-21T00:41:22.409-0700][7.769s] GC(9) Concurrent Clear Claimed Marks 0.080ms
[2021-04-21T00:41:22.409-0700][7.769s] GC(9) Concurrent Scan Root Regions
[2021-04-21T00:41:22.416-0700][7.776s] GC(9) Concurrent Scan Root Regions 7.468ms
[2021-04-21T00:41:22.416-0700][7.776s] GC(9) Concurrent Mark (7.776s)
[2021-04-21T00:41:22.416-0700][7.776s] GC(9) Concurrent Mark From Roots
[2021-04-21T00:41:22.416-0700][7.776s] GC(9) Using 1 workers of 1 for marking
[2021-04-21T00:41:22.454-0700][7.814s] GC(9) Concurrent Mark From Roots 37.590ms
[2021-04-21T00:41:22.454-0700][7.814s] GC(9) Concurrent Preclean
[2021-04-21T00:41:22.454-0700][7.814s] GC(9) Concurrent Preclean 0.077ms
[2021-04-21T00:41:22.454-0700][7.814s] GC(9) Concurrent Mark (7.776s, 7.814s) 37.835ms
[2021-04-21T00:41:22.458-0700][7.818s] GC(9) Pause Remark
[2021-04-21T00:41:22.468-0700][7.829s] GC(9) Cleaned string and symbol table, strings: 16642 processed, 1 removed, symbols: 114497 processed, 61 removed
[2021-04-21T00:41:22.469-0700][7.829s] GC(9) Pause Remark 35M->35M(512M) 11.144ms
[2021-04-21T00:41:22.469-0700][7.829s] GC(9) User=0.03s Sys=0.00s Real=0.01s
[2021-04-21T00:41:22.469-0700][7.829s] GC(9) Concurrent Rebuild Remembered Sets
[2021-04-21T00:41:22.484-0700][7.844s] GC(9) Concurrent Rebuild Remembered Sets 14.624ms
[2021-04-21T00:41:22.485-0700][7.845s] GC(9) Pause Cleanup
[2021-04-21T00:41:22.485-0700][7.845s] GC(9) Pause Cleanup 36M->36M(512M) 0.227ms
[2021-04-21T00:41:22.485-0700][7.845s] GC(9) User=0.00s Sys=0.00s Real=0.00s
[2021-04-21T00:41:22.485-0700][7.845s] GC(9) Concurrent Cleanup for Next Mark
[2021-04-21T00:41:22.486-0700][7.846s] GC(9) Concurrent Cleanup for Next Mark 1.019ms
[2021-04-21T00:41:22.486-0700][7.846s] GC(9) Concurrent Cycle 77.609ms
[2021-04-21T00:41:22.991-0700][8.351s] GC(10) Pause Young (Normal) (G1 Evacuation Pause)
[2021-04-21T00:41:22.991-0700][8.351s] GC(10) Using 4 workers of 4 for evacuation
[2021-04-21T00:41:23.009-0700][8.369s] GC(10)   Pre Evacuate Collection Set: 0.0ms
[2021-04-21T00:41:23.009-0700][8.369s] GC(10)   Evacuate Collection Set: 14.4ms
[2021-04-21T00:41:23.009-0700][8.369s] GC(10)   Post Evacuate Collection Set: 3.7ms
[2021-04-21T00:41:23.009-0700][8.369s] GC(10)   Other: 0.2ms
[2021-04-21T00:41:23.009-0700][8.369s] GC(10) Eden regions: 134->0(298)
[2021-04-21T00:41:23.009-0700][8.369s] GC(10) Survivor regions: 10->9(18)
[2021-04-21T00:41:23.009-0700][8.369s] GC(10) Old regions: 21->21
[2021-04-21T00:41:23.009-0700][8.369s] GC(10) Humongous regions: 4->4
[2021-04-21T00:41:23.009-0700][8.369s] GC(10) Metaspace: 40423K->40423K(1085440K)
[2021-04-21T00:41:23.009-0700][8.369s] GC(10) Pause Young (Normal) (G1 Evacuation Pause) 166M->32M(512M) 18.455ms
[2021-04-21T00:41:23.009-0700][8.369s] GC(10) User=0.06s Sys=0.00s Real=0.02s
[2021-04-21T00:41:25.348-0700][10.708s] GC(11) Pause Young (Normal) (G1 Evacuation Pause)
[2021-04-21T00:41:25.350-0700][10.710s] GC(11) Using 4 workers of 4 for evacuation
[2021-04-21T00:41:25.385-0700][10.745s] GC(11)   Pre Evacuate Collection Set: 0.0ms
[2021-04-21T00:41:25.385-0700][10.745s] GC(11)   Evacuate Collection Set: 32.3ms
[2021-04-21T00:41:25.385-0700][10.745s] GC(11)   Post Evacuate Collection Set: 0.9ms
[2021-04-21T00:41:25.385-0700][10.745s] GC(11)   Other: 3.5ms
[2021-04-21T00:41:25.385-0700][10.745s] GC(11) Eden regions: 298->0(279)
[2021-04-21T00:41:25.385-0700][10.745s] GC(11) Survivor regions: 9->28(39)
[2021-04-21T00:41:25.385-0700][10.745s] GC(11) Old regions: 21->21
[2021-04-21T00:41:25.385-0700][10.745s] GC(11) Humongous regions: 6->5
[2021-04-21T00:41:25.385-0700][10.745s] GC(11) Metaspace: 49478K->49478K(1093632K)
[2021-04-21T00:41:25.385-0700][10.745s] GC(11) Pause Young (Normal) (G1 Evacuation Pause) 332M->52M(512M) 36.756ms
[2021-04-21T00:41:25.385-0700][10.745s] GC(11) User=0.07s Sys=0.05s Real=0.04s
[2021-04-21T00:41:26.802-0700][12.162s] GC(12) Pause Young (Normal) (G1 Evacuation Pause)
[2021-04-21T00:41:26.802-0700][12.162s] GC(12) Using 4 workers of 4 for evacuation
[2021-04-21T00:41:26.896-0700][12.256s] GC(12)   Pre Evacuate Collection Set: 0.0ms
[2021-04-21T00:41:26.896-0700][12.256s] GC(12)   Evacuate Collection Set: 79.4ms
[2021-04-21T00:41:26.896-0700][12.256s] GC(12)   Post Evacuate Collection Set: 14.3ms
[2021-04-21T00:41:26.896-0700][12.256s] GC(12)   Other: 0.3ms
[2021-04-21T00:41:26.896-0700][12.256s] GC(12) Eden regions: 279->0(280)
[2021-04-21T00:41:26.896-0700][12.256s] GC(12) Survivor regions: 28->27(39)
[2021-04-21T00:41:26.896-0700][12.256s] GC(12) Old regions: 21->30
[2021-04-21T00:41:26.896-0700][12.256s] GC(12) Humongous regions: 5->5
[2021-04-21T00:41:26.896-0700][12.256s] GC(12) Metaspace: 52279K->52279K(1095680K)
[2021-04-21T00:41:26.896-0700][12.257s] GC(12) Pause Young (Normal) (G1 Evacuation Pause) 331M->59M(512M) 94.398ms
[2021-04-21T00:41:26.896-0700][12.257s] GC(12) User=0.13s Sys=0.01s Real=0.09s
[2021-04-21T02:42:38.726-0700][7284.086s] GC(13) Pause Young (Normal) (G1 Evacuation Pause)
[2021-04-21T02:42:38.726-0700][7284.087s] GC(13) Using 4 workers of 4 for evacuation
[2021-04-21T02:42:38.766-0700][7284.126s] GC(13)   Pre Evacuate Collection Set: 0.0ms
[2021-04-21T02:42:38.766-0700][7284.127s] GC(13)   Evacuate Collection Set: 38.8ms
[2021-04-21T02:42:38.766-0700][7284.127s] GC(13)   Post Evacuate Collection Set: 1.0ms
[2021-04-21T02:42:38.766-0700][7284.127s] GC(13)   Other: 0.2ms
[2021-04-21T02:42:38.766-0700][7284.127s] GC(13) Eden regions: 280->0(283)
[2021-04-21T02:42:38.766-0700][7284.127s] GC(13) Survivor regions: 27->24(39)
[2021-04-21T02:42:38.766-0700][7284.127s] GC(13) Old regions: 30->43
[2021-04-21T02:42:38.766-0700][7284.127s] GC(13) Humongous regions: 18->14
[2021-04-21T02:42:38.766-0700][7284.127s] GC(13) Metaspace: 57769K->57769K(1101824K)
[2021-04-21T02:42:38.766-0700][7284.127s] GC(13) Pause Young (Normal) (G1 Evacuation Pause) 352M->78M(512M) 40.162ms
[2021-04-21T02:42:38.766-0700][7284.127s] GC(13) User=0.06s Sys=0.02s Real=0.04s
